PS D:\code\person\github\log4j2-perf-diff-jdk>  & 'C:\Program Files\Java\jdk1.8.0_171\bin\java.exe' -jar target/benchmarks.jar "FileAppenderSyncBenchmark.*" -jvmArgs "-Xmx2g -Xms2g" -f 2 -t 16 -w 10 -wi 2 -r 30 -i 2 -to 300 -prof gc -rf json
# JMH version: 1.37
# VM version: JDK 1.8.0_171, Java HotSpot(TM) 64-Bit Server VM, 25.171-b11
# VM invoker: C:\Program Files\Java\jdk1.8.0_171\jre\bin\java.exe
# VM options: -Xmx2g -Xms2g
# Blackhole mode: full + dont-inline hint (auto-detected, use -Djmh.blackhole.autoDetect=false to disable)
# Warmup: 2 iterations, 10 s each
# Measurement: 2 iterations, 30 s each
# Timeout: 300 s per iteration
# Threads: 16 threads, will synchronize iterations
# Benchmark mode: Throughput, ops/time
# Benchmark: org.zengzuo613.log4j2.jdk.FileAppenderSyncBenchmark.syncFileLogger

# Run progress: 0.00% complete, ETA 00:02:40
# Fork: 1 of 2
# Warmup Iteration   1: 55.834 ops/ms
# Warmup Iteration   2: 50.927 ops/ms
Iteration   1: 55.237 ops/ms
                 gc.alloc.rate:      1914.563 MB/sec
                 gc.alloc.rate.norm: 36347.618 B/op
                 gc.count:           85.000 counts
                 gc.time:            69.000 ms

Iteration   2: 48.095 ops/ms
                 gc.alloc.rate:      1668.363 MB/sec
                 gc.alloc.rate.norm: 36393.545 B/op
                 gc.count:           74.000 counts
                 gc.time:            61.000 ms


# Run progress: 50.00% complete, ETA 00:01:21
# Fork: 2 of 2
# Warmup Iteration   1: 39.873 ops/ms
# Warmup Iteration   2: 45.984 ops/ms
Iteration   1: 43.738 ops/ms
                 gc.alloc.rate:      1513.615 MB/sec
                 gc.alloc.rate.norm: 36290.674 B/op
                 gc.count:           67.000 counts
                 gc.time:            56.000 ms

Iteration   2: 39.938 ops/ms
                 gc.alloc.rate:      1381.382 MB/sec
                 gc.alloc.rate.norm: 36286.174 B/op
                 gc.count:           62.000 counts
                 gc.time:            53.000 ms



Result "org.zengzuo613.log4j2.jdk.FileAppenderSyncBenchmark.syncFileLogger":
  46.752 ±(99.9%) 42.425 ops/ms [Average]
  (min, avg, max) = (39.938, 46.752, 55.237), stdev = 6.565
  CI (99.9%): [4.327, 89.177] (assumes normal distribution)

Secondary result "org.zengzuo613.log4j2.jdk.FileAppenderSyncBenchmark.syncFileLogger:gc.alloc.rate":
  1619.481 ±(99.9%) 1479.978 MB/sec [Average]
  (min, avg, max) = (1381.382, 1619.481, 1914.563), stdev = 229.028
  CI (99.9%): [139.503, 3099.459] (assumes normal distribution)

Secondary result "org.zengzuo613.log4j2.jdk.FileAppenderSyncBenchmark.syncFileLogger:gc.alloc.rate.norm":
  36329.503 ±(99.9%) 329.806 B/op [Average]
  (min, avg, max) = (36286.174, 36329.503, 36393.545), stdev = 51.038
  CI (99.9%): [35999.697, 36659.309] (assumes normal distribution)

Secondary result "org.zengzuo613.log4j2.jdk.FileAppenderSyncBenchmark.syncFileLogger:gc.count":
  288.000 ±(99.9%) 0.001 counts [Sum]
  (min, avg, max) = (62.000, 72.000, 85.000), stdev = 9.967
  CI (99.9%): [288.000, 288.000] (assumes normal distribution)

Secondary result "org.zengzuo613.log4j2.jdk.FileAppenderSyncBenchmark.syncFileLogger:gc.time":
  239.000 ±(99.9%) 0.001 ms [Sum]
  (min, avg, max) = (53.000, 59.750, 69.000), stdev = 6.994
  CI (99.9%): [239.000, 239.000] (assumes normal distribution)


# Run complete. Total time: 00:02:42

REMEMBER: The numbers below are just data. To gain reusable insights, you need to follow up on
why the numbers are the way they are. Use profilers (see -prof, -lprof), design factorial
experiments, perform baseline and negative tests that provide experimental control, make sure
the benchmarking environment is safe on JVM/OS/HW level, ask for reviews from the domain experts.
Do not assume the numbers tell you what you want them to tell.

Benchmark                                                     Mode  Cnt      Score      Error   Units
FileAppenderSyncBenchmark.syncFileLogger                     thrpt    4     46.752 ±   42.425  ops/ms
FileAppenderSyncBenchmark.syncFileLogger:gc.alloc.rate       thrpt    4   1619.481 ± 1479.978  MB/sec
FileAppenderSyncBenchmark.syncFileLogger:gc.alloc.rate.norm  thrpt    4  36329.503 ±  329.806    B/op
FileAppenderSyncBenchmark.syncFileLogger:gc.count            thrpt    4    288.000             counts
FileAppenderSyncBenchmark.syncFileLogger:gc.time             thrpt    4    239.000                 ms
